make.exe all --print-data-base --no-builtin-variables --no-builtin-rules --question
Makefile:2: *** missing separator.  Stop.

# GNU Make 4.3
# Built for Windows32
# Copyright (C) 1988-2020 Free Software Foundation, Inc.
# License GPLv3+: GNU GPL version 3 or later <http://gnu.org/licenses/gpl.html>
# This is free software: you are free to change and redistribute it.
# There is NO WARRANTY, to the extent permitted by law.

# Make data base, printed on Wed Apr 13 13:32:50 2022

# Variables

# environment
FPS_BROWSER_APP_PROFILE_STRING = Internet Explorer
# environment
SYSTEMDRIVE = C:
# environment
VCIDEINSTALLDIR = C:\Program Files (x86)\Microsoft Visual Studio\2019\BuildTools\Common7\IDE\VC\
# environment
LC_ALL = C
# environment
_MSYS2_BASH = C:\tools\msys64\usr\bin\bash.exe
# environment
USERPROFILE = C:\Users\matti
# environment
FRAMEWORKDIR64 = C:\Windows\Microsoft.NET\Framework64\
# environment
VCTOOLSREDISTDIR = C:\Program Files (x86)\Microsoft Visual Studio\2019\BuildTools\VC\Redist\MSVC\14.28.29325\
# environment
LOCALAPPDATA = C:\Users\matti\AppData\Local
# environment
VSCODE_IPC_HOOK_EXTHOST = \\.\pipe\vscode-ipc-f6b2fea4-b34d-4df1-83a2-39af4bfbcaa3-sock
# environment
WINDOWSSDKVERBINPATH = C:\Program Files (x86)\Windows Kits\10\bin\10.0.18362.0\
# environment
VCINSTALLDIR = C:\Program Files (x86)\Microsoft Visual Studio\2019\BuildTools\VC\
# environment
VSCODE_CWD = C:\Program Files (x86)\Microsoft Visual Studio\2019\BuildTools
# environment
CHOCOLATEYINSTALL = C:\ProgramData\chocolatey
# environment
SYSTEMROOT = C:\WINDOWS
# environment
PROCESSOR_LEVEL = 6
# environment
PSMODULEPATH = C:\Program Files\WindowsPowerShell\Modules;C:\WINDOWS\system32\WindowsPowerShell\v1.0\Modules
# environment
WINDOWSSDKBINPATH = C:\Program Files (x86)\Windows Kits\10\bin\
# default
MAKE_COMMAND := C:/ProgramData/chocolatey/lib/make/tools/install/bin/make.exe
# automatic
@D = $(patsubst %/,%,$(patsubst %\,%,$(dir $@)))
# environment
CHROME_CRASHPAD_PIPE_NAME = \\.\pipe\crashpad_6024_DTLCFZNAXVGTURIL
# environment
ONEDRIVECOMMERCIAL = C:\Users\matti\OneDrive - NTNU
# environment
EXTENSIONSDKDIR = C:\Program Files (x86)\Microsoft SDKs\Windows Kits\10\ExtensionSDKs
# environment
FPS_BROWSER_USER_PROFILE_STRING = Default
# default
.VARIABLES := 
# environment
VSCODE_HANDLES_UNCAUGHT_ERRORS = true
# automatic
%D = $(patsubst %/,%,$(patsubst %\,%,$(dir $%)))
# environment
FRAMEWORKVERSION64 = v4.0.30319
# automatic
^D = $(patsubst %/,%,$(patsubst %\,%,$(dir $^)))
# environment
VSCODE_LOG_STACK = false
# automatic
%F = $(notdir $%)
# environment
VSCODE_CODE_CACHE_PATH = C:\Users\matti\AppData\Roaming\Code\CachedData\e18005f0f1b33c29e81d732535d8c0e47cafb0b5
# environment
LANG = C
# default
.LOADED := 
# environment
TMP = C:\Users\matti\AppData\Local\Temp
# default
.INCLUDE_DIRS = .
# environment
PROCESSOR_ARCHITEW6432 = AMD64
# makefile
MAKEFLAGS = pqrR
# environment
ONEDRIVE = C:\Users\matti\OneDrive - NTNU
# makefile
CURDIR := c:/Users/matti/Documents/EMNER/22V/CPP/Forelesninger/OF12
# environment
VSCODE_PIPE_LOGGING = true
# environment
APPLICATION_INSIGHTS_NO_DIAGNOSTIC_CHANNEL = 1
# automatic
*D = $(patsubst %/,%,$(patsubst %\,%,$(dir $*)))
# environment
PROGRAMFILES = C:\Program Files (x86)
# environment
MFLAGS = -pqrR
# default
.SHELLFLAGS := -c
# environment
COMMONPROGRAMW6432 = C:\Program Files\Common Files
# automatic
+D = $(patsubst %/,%,$(patsubst %\,%,$(dir $+)))
# makefile (from 'Makefile', line 1)
MAKEFILE_LIST := Makefile
# environment
UNIVERSALCRTSDKDIR = C:\Program Files (x86)\Windows Kits\10\
# environment
VSCMD_ARG_TGT_ARCH = x64
# automatic
@F = $(notdir $@)
# environment
COMMANDPROMPTTYPE = Native
# environment
VSCODE_VERBOSE_LOGGING = true
# environment
VSCODE_PID = 6024
# automatic
?D = $(patsubst %/,%,$(patsubst %\,%,$(dir $?)))
# automatic
*F = $(notdir $*)
# environment
VSCMD_ARG_HOST_ARCH = x64
# environment
VCTOOLSVERSION = 14.28.29333
# environment
LIBPATH = C:\Program Files (x86)\Microsoft Visual Studio\2019\BuildTools\VC\Tools\MSVC\14.28.29333\lib\x64;C:\Program Files (x86)\Microsoft Visual Studio\2019\BuildTools\VC\Tools\MSVC\14.28.29333\lib\x86\store\references;C:\Program Files (x86)\Windows Kits\10\UnionMetadata\10.0.18362.0;C:\Program Files (x86)\Windows Kits\10\References\10.0.18362.0;C:\Windows\Microsoft.NET\Framework64\v4.0.30319
# environment
VSCMD_ARG_APP_PLAT = Desktop
# environment
LIB = C:\Program Files (x86)\Microsoft Visual Studio\2019\BuildTools\VC\Tools\MSVC\14.28.29333\lib\x64;C:\Program Files (x86)\Windows Kits\10\lib\10.0.18362.0\ucrt\x64;C:\Program Files (x86)\Windows Kits\10\lib\10.0.18362.0\um\x64
# automatic
<D = $(patsubst %/,%,$(patsubst %\,%,$(dir $<)))
# environment
DEVENVDIR = C:\Program Files (x86)\Microsoft Visual Studio\2019\BuildTools\Common7\IDE\
# environment
PLATFORM = x64
# environment
VSCODE_NLS_CONFIG = {"locale":"nb","availableLanguages":{},"_languagePackSupport":true}
# environment
__DOTNET_PREFERRED_BITNESS = 64
# environment
INCLUDE = C:\Program Files (x86)\Microsoft Visual Studio\2019\BuildTools\VC\Tools\MSVC\14.28.29333\include;C:\Program Files (x86)\Windows Kits\10\include\10.0.18362.0\ucrt;C:\Program Files (x86)\Windows Kits\10\include\10.0.18362.0\shared;C:\Program Files (x86)\Windows Kits\10\include\10.0.18362.0\um;C:\Program Files (x86)\Windows Kits\10\include\10.0.18362.0\winrt;C:\Program Files (x86)\Windows Kits\10\include\10.0.18362.0\cppwinrt
# environment
ONEDRIVECONSUMER = C:\Users\matti\OneDrive3\OneDrive
# default
MAKE_HOST := Windows32
# environment
PROGRAMDATA = C:\ProgramData
# default
SHELL := sh.exe
# environment
UCRTVERSION = 10.0.18362.0
# environment
HOMEPATH = \Users\matti
# environment
PLATFORMIO_CALLER = vscode
# default
MAKECMDGOALS := all
# environment
DRIVERDATA = C:\Windows\System32\Drivers\DriverData
# environment
COMSPEC = C:\WINDOWS\system32\cmd.exe
# environment
WINDIR = C:\WINDOWS
# environment
FRAMEWORK40VERSION = v4.0
# environment
MAKELEVEL := 0
# default
MAKE = $(MAKE_COMMAND)
# environment
PATH = C:\Program Files (x86)\Microsoft Visual Studio\2019\BuildTools\VC\Tools\MSVC\14.28.29333\bin\HostX64\x64;C:\Program Files (x86)\Microsoft Visual Studio\2019\BuildTools\Common7\IDE\VC\VCPackages;C:\Program Files (x86)\Microsoft Visual Studio\2019\BuildTools\Common7\IDE\CommonExtensions\Microsoft\TestWindow;C:\Program Files (x86)\Microsoft Visual Studio\2019\BuildTools\Common7\IDE\CommonExtensions\Microsoft\TeamFoundation\Team Explorer;C:\Program Files (x86)\Microsoft Visual Studio\2019\BuildTools\MSBuild\Current\bin\Roslyn;C:\Program Files (x86)\Windows Kits\10\bin\10.0.18362.0\x64;C:\Program Files (x86)\Windows Kits\10\bin\x64;C:\Program Files (x86)\Microsoft Visual Studio\2019\BuildTools\\MSBuild\Current\Bin;C:\Windows\Microsoft.NET\Framework64\v4.0.30319;C:\Program Files (x86)\Microsoft Visual Studio\2019\BuildTools\Common7\IDE\;C:\Program Files (x86)\Microsoft Visual Studio\2019\BuildTools\Common7\Tools\;C:\Python39\Scripts\;C:\Python39\;C:\Program Files\Python39\Scripts\;C:\Program Files\Python39\;C:\Program Files (x86)\Common Files\Oracle\Java\javapath;C:\Program Files\Java\jdk-15.0.1\bin;C:\Windows\System32;C:\Program Files\NVIDIA Corporation\NVIDIA NvDLISR;C:\WINDOWS\system32;C:\WINDOWS;C:\WINDOWS\System32\Wbem;C:\WINDOWS\System32\WindowsPowerShell\v1.0\;C:\WINDOWS\System32\OpenSSH\;C:\ffmpeg\bin;C:\sox-14-4-2;C:\Program Files\Docker\Docker\resources\bin;C:\ProgramData\DockerDesktop\version-bin;C:\Program Files\Git\cmd;C:\Program Files\nodejs\;C:\ProgramData\chocolatey\;C:\Program Files (x86)\Yarn\bin\;C:\Program Files\PuTTY\;C:\ProgramData\chocolatey\bin;C:\MinGW\bin;C:\MinGW64\bin;C:\Program Files (x86)\Elm\0.19.1\bin;C:\Program Files\Python39\Scripts\;C:\Program Files\Python39\;C:\Program Files (x86)\Common Files\Oracle\Java\javapath;C:\Program Files\Java\jdk-15.0.1\bin;C:\Windows\System32;C:\ProgramData\MATLAB\SupportPackages\R2020a\3P.instrset\ev3sourcerylite.instrset\CodeSourcery\bin;C:\Users\matti\AppData\Local\Microsoft\WindowsApps;C:\Users\matti\AppData\Local\Programs\MiKTeX\miktex\bin\x64\;C:\Users\matti\AppData\Local\GitHubDesktop\bin;C:\Users\matti\AppData\Roaming\cabal\bin;C:\ProgramData\chocolatey\lib\ghc\tools\ghc-8.10.2\bin;C:\Users\matti\AppData\Local\Microsoft\WindowsApps;C:\ffmpeg\bin;C:\sox-14-4-2;C:\Users\matti\AppData\Roaming\npm;C:\Users\matti\AppData\Local\Yarn\bin;C:\Users\matti\AppData\Local\Programs\Microsoft VS Code\bin;C:\MinGW\bin;;C:\Program Files (x86)\Microsoft Visual Studio\2019\BuildTools\VC\Tools\Llvm\x64\bin;C:\Program Files (x86)\Microsoft Visual Studio\2019\BuildTools\Common7\IDE\CommonExtensions\Microsoft\CMake\CMake\bin;C:\Program Files (x86)\Microsoft Visual Studio\2019\BuildTools\Common7\IDE\CommonExtensions\Microsoft\CMake\Ninja
# environment
COMPUTERNAME = LAPTOP-3NROJC2S
# default
MAKEFILES := 
# automatic
^F = $(notdir $^)
# environment
VCTOOLSINSTALLDIR = C:\Program Files (x86)\Microsoft Visual Studio\2019\BuildTools\VC\Tools\MSVC\14.28.29333\
# environment
_MSYS2_PREFIX = x86_64
# environment
PROMPT = $P$G
# environment
CHOCOLATEYLASTPATHUPDATE = 132490834266101126
# environment
LOGONSERVER = \\LAPTOP-3NROJC2S
# environment
VSCODE_LOG_NATIVE = false
# environment
USERNAME = matti
# environment
COMMONPROGRAMFILES = C:\Program Files (x86)\Common Files
# automatic
?F = $(notdir $?)
# environment
WINDOWSSDKVERSION = 10.0.18362.0\
# environment
PROGRAMW6432 = C:\Program Files
# environment
WINDOWSSDKDIR = C:\Program Files (x86)\Windows Kits\10\
# environment
NO_PROXY = 127.0.0.1
# environment
PATHEXT = .COM;.EXE;.BAT;.CMD;.VBS;.VBE;.JS;.JSE;.WSF;.WSH;.MSC;.PY;.PYW
# automatic
+F = $(notdir $+)
# environment
ORIGINAL_XDG_CURRENT_DESKTOP = undefined
# environment
USERDOMAIN = LAPTOP-3NROJC2S
# environment
GNUMAKEFLAGS := 
# environment
VS160COMNTOOLS = C:\Program Files (x86)\Microsoft Visual Studio\2019\BuildTools\Common7\Tools\
# environment
OS = Windows_NT
# environment
PLATFORMIO_PATH = C:\Users\matti\.platformio\python3;C:\Program Files (x86)\Microsoft Visual Studio\2019\BuildTools\VC\Tools\MSVC\14.28.29333\bin\HostX64\x64;C:\Program Files (x86)\Microsoft Visual Studio\2019\BuildTools\Common7\IDE\VC\VCPackages;C:\Program Files (x86)\Microsoft Visual Studio\2019\BuildTools\Common7\IDE\CommonExtensions\Microsoft\TestWindow;C:\Program Files (x86)\Microsoft Visual Studio\2019\BuildTools\Common7\IDE\CommonExtensions\Microsoft\TeamFoundation\Team Explorer;C:\Program Files (x86)\Microsoft Visual Studio\2019\BuildTools\MSBuild\Current\bin\Roslyn;C:\Program Files (x86)\Windows Kits\10\bin\10.0.18362.0\x64;C:\Program Files (x86)\Windows Kits\10\bin\x64;C:\Program Files (x86)\Microsoft Visual Studio\2019\BuildTools\\MSBuild\Current\Bin;C:\Windows\Microsoft.NET\Framework64\v4.0.30319;C:\Program Files (x86)\Microsoft Visual Studio\2019\BuildTools\Common7\IDE\;C:\Program Files (x86)\Microsoft Visual Studio\2019\BuildTools\Common7\Tools\;C:\Python39\Scripts\;C:\Python39\;C:\Program Files\Python39\Scripts\;C:\Program Files\Python39\;C:\Program Files (x86)\Common Files\Oracle\Java\javapath;C:\Program Files\Java\jdk-15.0.1\bin;C:\Windows\System32;C:\Program Files\NVIDIA Corporation\NVIDIA NvDLISR;C:\WINDOWS\system32;C:\WINDOWS;C:\WINDOWS\System32\Wbem;C:\WINDOWS\System32\WindowsPowerShell\v1.0\;C:\WINDOWS\System32\OpenSSH\;C:\ffmpeg\bin;C:\sox-14-4-2;C:\Program Files\Docker\Docker\resources\bin;C:\ProgramData\DockerDesktop\version-bin;C:\Program Files\Git\cmd;C:\Program Files\nodejs\;C:\ProgramData\chocolatey\;C:\Program Files (x86)\Yarn\bin\;C:\Program Files\PuTTY\;C:\ProgramData\chocolatey\bin;C:\MinGW\bin;C:\MinGW64\bin;C:\Program Files (x86)\Elm\0.19.1\bin;C:\Program Files\Python39\Scripts\;C:\Program Files\Python39\;C:\Program Files (x86)\Common Files\Oracle\Java\javapath;C:\Program Files\Java\jdk-15.0.1\bin;C:\Windows\System32;C:\ProgramData\MATLAB\SupportPackages\R2020a\3P.instrset\ev3sourcerylite.instrset\CodeSourcery\bin;C:\Users\matti\AppData\Local\Microsoft\WindowsApps;C:\Users\matti\AppData\Local\Programs\MiKTeX\miktex\bin\x64\;C:\Users\matti\AppData\Local\GitHubDesktop\bin;C:\Users\matti\AppData\Roaming\cabal\bin;C:\ProgramData\chocolatey\lib\ghc\tools\ghc-8.10.2\bin;C:\Users\matti\AppData\Local\Microsoft\WindowsApps;C:\ffmpeg\bin;C:\sox-14-4-2;C:\Users\matti\AppData\Roaming\npm;C:\Users\matti\AppData\Local\Yarn\bin;C:\Users\matti\AppData\Local\Programs\Microsoft VS Code\bin;C:\MinGW\bin;;C:\Program Files (x86)\Microsoft Visual Studio\2019\BuildTools\VC\Tools\Llvm\x64\bin;C:\Program Files (x86)\Microsoft Visual Studio\2019\BuildTools\Common7\IDE\CommonExtensions\Microsoft\CMake\CMake\bin;C:\Program Files (x86)\Microsoft Visual Studio\2019\BuildTools\Common7\IDE\CommonExtensions\Microsoft\CMake\Ninja;C:\Program Files (x86)\Microsoft Visual Studio\2019\BuildTools\VC\Tools\MSVC\14.28.29333\bin\HostX64\x64;C:\Program Files (x86)\Microsoft Visual Studio\2019\BuildTools\Common7\IDE\VC\VCPackages;C:\Program Files (x86)\Microsoft Visual Studio\2019\BuildTools\Common7\IDE\CommonExtensions\Microsoft\TestWindow;C:\Program Files (x86)\Microsoft Visual Studio\2019\BuildTools\Common7\IDE\CommonExtensions\Microsoft\TeamFoundation\Team Explorer;C:\Program Files (x86)\Microsoft Visual Studio\2019\BuildTools\MSBuild\Current\bin\Roslyn;C:\Program Files (x86)\Windows Kits\10\bin\10.0.18362.0\x64;C:\Program Files (x86)\Windows Kits\10\bin\x64;C:\Program Files (x86)\Microsoft Visual Studio\2019\BuildTools\\MSBuild\Current\Bin;C:\Windows\Microsoft.NET\Framework64\v4.0.30319;C:\Program Files (x86)\Microsoft Visual Studio\2019\BuildTools\Common7\IDE\;C:\Program Files (x86)\Microsoft Visual Studio\2019\BuildTools\Common7\Tools\;C:\Python39\Scripts\;C:\Python39\;C:\Program Files\Python39\Scripts\;C:\Program Files\Python39\;C:\Program Files (x86)\Common Files\Oracle\Java\javapath;C:\Program Files\Java\jdk-15.0.1\bin;C:\Windows\System32;C:\Program Files\NVIDIA Corporation\NVIDIA NvDLISR;C:\WINDOWS\system32;C:\WINDOWS;C:\WINDOWS\System32\Wbem;C:\WINDOWS\System32\WindowsPowerShell\v1.0\;C:\WINDOWS\System32\OpenSSH\;C:\ffmpeg\bin;C:\sox-14-4-2;C:\Program Files\Docker\Docker\resources\bin;C:\ProgramData\DockerDesktop\version-bin;C:\Program Files\Git\cmd;C:\Program Files\nodejs\;C:\ProgramData\chocolatey\;C:\Program Files (x86)\Yarn\bin\;C:\Program Files\PuTTY\;C:\ProgramData\chocolatey\bin;C:\MinGW\bin;C:\MinGW64\bin;C:\Program Files (x86)\Elm\0.19.1\bin;C:\Program Files\Python39\Scripts\;C:\Program Files\Python39\;C:\Program Files (x86)\Common Files\Oracle\Java\javapath;C:\Program Files\Java\jdk-15.0.1\bin;C:\Windows\System32;C:\ProgramData\MATLAB\SupportPackages\R2020a\3P.instrset\ev3sourcerylite.instrset\CodeSourcery\bin;C:\Users\matti\AppData\Local\Microsoft\WindowsApps;C:\Users\matti\AppData\Local\Programs\MiKTeX\miktex\bin\x64\;C:\Users\matti\AppData\Local\GitHubDesktop\bin;C:\Users\matti\AppData\Roaming\cabal\bin;C:\ProgramData\chocolatey\lib\ghc\tools\ghc-8.10.2\bin;C:\Users\matti\AppData\Local\Microsoft\WindowsApps;C:\ffmpeg\bin;C:\sox-14-4-2;C:\Users\matti\AppData\Roaming\npm;C:\Users\matti\AppData\Local\Yarn\bin;C:\Users\matti\AppData\Local\Programs\Microsoft VS Code\bin;C:\MinGW\bin;;C:\Program Files (x86)\Microsoft Visual Studio\2019\BuildTools\VC\Tools\Llvm\x64\bin;C:\Program Files (x86)\Microsoft Visual Studio\2019\BuildTools\Common7\IDE\CommonExtensions\Microsoft\CMake\CMake\bin;C:\Program Files (x86)\Microsoft Visual Studio\2019\BuildTools\Common7\IDE\CommonExtensions\Microsoft\CMake\Ninja
# makefile
.DEFAULT_GOAL := 
# environment
VISUALSTUDIOVERSION = 16.0
# default
MAKE_VERSION := 4.3
# environment
PROGRAMFILES(X86) = C:\Program Files (x86)
# environment
USERDOMAIN_ROAMINGPROFILE = LAPTOP-3NROJC2S
# environment
NUMBER_OF_PROCESSORS = 12
# environment
PUBLIC = C:\Users\Public
# environment
VSINSTALLDIR = C:\Program Files (x86)\Microsoft Visual Studio\2019\BuildTools\
# environment
WINDOWSLIBPATH = C:\Program Files (x86)\Windows Kits\10\UnionMetadata\10.0.18362.0;C:\Program Files (x86)\Windows Kits\10\References\10.0.18362.0
# environment
APPDATA = C:\Users\matti\AppData\Roaming
# environment
HOMEDRIVE = C:
# environment
VSCMD_VER = 16.8.4
# environment
PROCESSOR_ARCHITECTURE = x86
# environment
VSCODE_AMD_ENTRYPOINT = vs/workbench/api/node/extensionHostProcess
# environment
PLATFORMIO_IDE = 2.4.3
# environment
COMMONPROGRAMFILES(X86) = C:\Program Files (x86)\Common Files
# environment
ELECTRON_RUN_AS_NODE = 1
# environment
TEMP = C:\Users\matti\AppData\Local\Temp
# environment
VSCODE_IPC_HOOK = \\.\pipe\95f32137cae5297eb47ba61ab47622bb-1.66.0-main-sock
# environment
WINDOWSSDKLIBVERSION = 10.0.18362.0\
# default
.RECIPEPREFIX := 
# automatic
<F = $(notdir $<)
# default
SUFFIXES := 
# environment
ALLUSERSPROFILE = C:\ProgramData
# environment
SESSIONNAME = Console
# environment
VSCODE_CLI = 1
# environment
ELECTRON_NO_ATTACH_CONSOLE = 1
# environment
__VSCMD_PREINIT_PATH = C:\Python39\Scripts\;C:\Python39\;C:\Program Files\Python39\Scripts\;C:\Program Files\Python39\;C:\Program Files (x86)\Common Files\Oracle\Java\javapath;C:\Program Files\Java\jdk-15.0.1\bin;C:\Windows\System32;C:\Program Files\NVIDIA Corporation\NVIDIA NvDLISR;C:\WINDOWS\system32;C:\WINDOWS;C:\WINDOWS\System32\Wbem;C:\WINDOWS\System32\WindowsPowerShell\v1.0\;C:\WINDOWS\System32\OpenSSH\;C:\ffmpeg\bin;C:\sox-14-4-2;C:\Program Files\Docker\Docker\resources\bin;C:\ProgramData\DockerDesktop\version-bin;C:\Program Files\Git\cmd;C:\Program Files\nodejs\;C:\ProgramData\chocolatey\;C:\Program Files (x86)\Yarn\bin\;C:\Program Files\PuTTY\;C:\ProgramData\chocolatey\bin;C:\MinGW\bin;C:\MinGW64\bin;C:\Program Files (x86)\Elm\0.19.1\bin;C:\Program Files\Python39\Scripts\;C:\Program Files\Python39\;C:\Program Files (x86)\Common Files\Oracle\Java\javapath;C:\Program Files\Java\jdk-15.0.1\bin;C:\Windows\System32;C:\ProgramData\MATLAB\SupportPackages\R2020a\3P.instrset\ev3sourcerylite.instrset\CodeSourcery\bin;C:\Users\matti\AppData\Local\Microsoft\WindowsApps;C:\Users\matti\AppData\Local\Programs\MiKTeX\miktex\bin\x64\;C:\Users\matti\AppData\Local\GitHubDesktop\bin;C:\Users\matti\AppData\Roaming\cabal\bin;C:\ProgramData\chocolatey\lib\ghc\tools\ghc-8.10.2\bin;C:\Users\matti\AppData\Local\Microsoft\WindowsApps;C:\ffmpeg\bin;C:\sox-14-4-2;C:\Users\matti\AppData\Roaming\npm;C:\Users\matti\AppData\Local\Yarn\bin;C:\Users\matti\AppData\Local\Programs\Microsoft VS Code\bin;C:\MinGW\bin;
# default
.FEATURES := target-specific order-only second-expansion else-if shortest-stem undefine oneshell nocomment grouped-target extra-prereqs archives jobserver output-sync load
# environment
PROCESSOR_REVISION = 9e0d
# environment
FRAMEWORKDIR = C:\Windows\Microsoft.NET\Framework64\
# environment
FRAMEWORKVERSION = v4.0.30319
# environment
CHOCOLATEYTOOLSLOCATION = C:\tools
# environment
__DOTNET_ADD_64BIT = 1
# environment
PROCESSOR_IDENTIFIER = Intel64 Family 6 Model 158 Stepping 13, GenuineIntel
# variable set hash-table stats:
# Load=142/1024=14%, Rehash=0, Collisions=18/151=12%

# Pattern-specific Variable Values

# No pattern-specific variable values.

# Directories

# . (key c:/Users/matti/Documents/EMNER/22V/CPP/Forelesninger/OF12, mtime 1649356627): 11 files, no impossibilities.

# 11 files, no impossibilities in 1 directories.

# Implicit Rules

# No implicit rules.

# Files

# Not a target:
Makefile:
#  Implicit rule search has not been done.
#  Modification time never checked.
#  File has not been updated.

# Not a target:
.DEFAULT:
#  Implicit rule search has not been done.
#  Modification time never checked.
#  File has not been updated.

# Not a target:
all:
#  Command line target.
#  Implicit rule search has not been done.
#  Modification time never checked.
#  File has not been updated.

# files hash-table stats:
# Load=4/1024=0%, Rehash=0, Collisions=0/5=0%
# VPATH Search Paths

# No 'vpath' search paths.

# No general ('VPATH' variable) search path.

# strcache buffers: 1 (0) / strings = 14 / storage = 113 B / avg = 8 B
# current buf: size = 8174 B / used = 113 B / count = 14 / avg = 8 B

# strcache performance: lookups = 18 / hit rate = 22%
# hash-table stats:
# Load=14/8192=0%, Rehash=0, Collisions=0/18=0%
# Finished Make data base on Wed Apr 13 13:32:50 2022

 
